2022-10-18 10:39:05,119 pkg.api INFO : {"linesOk":5,"linesInvalid":0,"error":null,"warnings":{"message":"5 warnings","changedMetricKeys":[{"line":1,"warning":"metric key 'dtapi.problem.open.new.global' changed to 'dtapi.problem.open.new.global.count'"},{"line":2,"warning":"metric key 'dtapi.problem.open.new.managementZone' changed to 'dtapi.problem.open.new.managementZone.count'"},{"line":3,"warning":"metric key 'dtapi.problem.open.global.per_title' changed to 'dtapi.problem.open.global.per_title.count'"},{"line":4,"warning":"metric key 'dtapi.problem.open.global.per_impact_level' changed to 'dtapi.problem.open.global.per_impact_level.count'"},{"line":5,"warning":"metric key 'dtapi.problem.open.global' changed to 'dtapi.problem.open.global.count'"}]}}
2022-10-18 10:39:05,856 pkg.api INFO : POST METRIC :<Response [202]>
2022-10-18 10:39:05,857 pkg.api INFO : {"linesOk":3,"linesInvalid":0,"error":null,"warnings":null}
2022-10-18 10:40:02,943 pkg.api INFO : GET PROBLEMS :<Response [200]>
2022-10-18 10:40:03,721 pkg.api INFO : GET MANAGMENT ZONES :<Response [200]>
2022-10-18 10:40:04,684 pkg.api INFO : POST METRIC :<Response [202]>
2022-10-18 10:40:04,685 pkg.api INFO : {"linesOk":5,"linesInvalid":0,"error":null,"warnings":{"message":"5 warnings","changedMetricKeys":[{"line":1,"warning":"metric key 'dtapi.problem.open.managementZone' changed to 'dtapi.problem.open.managementZone.count'"},{"line":2,"warning":"metric key 'dtapi.problem.open.managementZone' changed to 'dtapi.problem.open.managementZone.count'"},{"line":3,"warning":"metric key 'dtapi.problem.open.managementZone' changed to 'dtapi.problem.open.managementZone.count'"},{"line":4,"warning":"metric key 'dtapi.problem.open.managementZone' changed to 'dtapi.problem.open.managementZone.count'"},{"line":5,"warning":"metric key 'dtapi.problem.open.managementZone' changed to 'dtapi.problem.open.managementZone.count'"}]}}
2022-10-18 10:40:05,781 pkg.api INFO : POST METRIC :<Response [202]>
2022-10-18 10:40:05,782 pkg.api INFO : {"linesOk":1,"linesInvalid":0,"error":null,"warnings":{"message":"1 warnings","changedMetricKeys":[{"line":1,"warning":"metric key 'dtapi.problem.open.new.global' changed to 'dtapi.problem.open.new.global.count'"}]}}
2022-10-18 10:40:06,575 pkg.api INFO : POST METRIC :<Response [202]>
2022-10-18 10:40:06,576 pkg.api INFO : {"linesOk":3,"linesInvalid":0,"error":null,"warnings":null}
2022-10-18 10:41:02,590 pkg.api INFO : GET PROBLEMS :<Response [200]>
2022-10-18 10:41:03,340 pkg.api INFO : GET MANAGMENT ZONES :<Response [200]>
2022-10-18 10:41:04,109 pkg.api INFO : POST METRIC :<Response [202]>
2022-10-18 10:41:04,111 pkg.api INFO : {"linesOk":5,"linesInvalid":0,"error":null,"warnings":{"message":"5 warnings","changedMetricKeys":[{"line":1,"warning":"metric key 'dtapi.problem.open.managementZone' changed to 'dtapi.problem.open.managementZone.count'"},{"line":2,"warning":"metric key 'dtapi.problem.open.managementZone' changed to 'dtapi.problem.open.managementZone.count'"},{"line":3,"warning":"metric key 'dtapi.problem.open.managementZone' changed to 'dtapi.problem.open.managementZone.count'"},{"line":4,"warning":"metric key 'dtapi.problem.open.managementZone' changed to 'dtapi.problem.open.managementZone.count'"},{"line":5,"warning":"metric key 'dtapi.problem.open.managementZone' changed to 'dtapi.problem.open.managementZone.count'"}]}}
2022-10-18 10:41:04,906 pkg.api INFO : POST METRIC :<Response [202]>
2022-10-18 10:41:04,908 pkg.api INFO : {"linesOk":1,"linesInvalid":0,"error":null,"warnings":{"message":"1 warnings","changedMetricKeys":[{"line":1,"warning":"metric key 'dtapi.problem.open.new.global' changed to 'dtapi.problem.open.new.global.count'"}]}}
2022-10-18 10:41:05,665 pkg.api INFO : POST METRIC :<Response [202]>
2022-10-18 10:41:05,666 pkg.api INFO : {"linesOk":3,"linesInvalid":0,"error":null,"warnings":null}
2022-10-18 10:42:02,840 pkg.api INFO : GET PROBLEMS :<Response [200]>
2022-10-18 10:42:03,581 pkg.api INFO : GET MANAGMENT ZONES :<Response [200]>
2022-10-18 10:42:04,423 pkg.api INFO : POST METRIC :<Response [202]>
2022-10-18 10:42:04,425 pkg.api INFO : {"linesOk":5,"linesInvalid":0,"error":null,"warnings":{"message":"5 warnings","changedMetricKeys":[{"line":1,"warning":"metric key 'dtapi.problem.open.managementZone' changed to 'dtapi.problem.open.managementZone.count'"},{"line":2,"warning":"metric key 'dtapi.problem.open.managementZone' changed to 'dtapi.problem.open.managementZone.count'"},{"line":3,"warning":"metric key 'dtapi.problem.open.managementZone' changed to 'dtapi.problem.open.managementZone.count'"},{"line":4,"warning":"metric key 'dtapi.problem.open.managementZone' changed to 'dtapi.problem.open.managementZone.count'"},{"line":5,"warning":"metric key 'dtapi.problem.open.managementZone' changed to 'dtapi.problem.open.managementZone.count'"}]}}
2022-10-18 10:42:05,192 pkg.api INFO : POST METRIC :<Response [202]>
2022-10-18 10:42:05,194 pkg.api INFO : {"linesOk":1,"linesInvalid":0,"error":null,"warnings":{"message":"1 warnings","changedMetricKeys":[{"line":1,"warning":"metric key 'dtapi.problem.open.new.global' changed to 'dtapi.problem.open.new.global.count'"}]}}
2022-10-18 10:42:05,990 pkg.api INFO : POST METRIC :<Response [202]>
2022-10-18 10:42:05,992 pkg.api INFO : {"linesOk":3,"linesInvalid":0,"error":null,"warnings":null}
2022-10-18 10:43:02,058 pkg.api INFO : GET PROBLEMS :<Response [200]>
2022-10-18 10:43:02,802 pkg.api INFO : GET MANAGMENT ZONES :<Response [200]>
2022-10-18 10:43:03,531 pkg.api INFO : POST METRIC :<Response [202]>
2022-10-18 10:43:03,532 pkg.api INFO : {"linesOk":5,"linesInvalid":0,"error":null,"warnings":{"message":"5 warnings","changedMetricKeys":[{"line":1,"warning":"metric key 'dtapi.problem.open.managementZone' changed to 'dtapi.problem.open.managementZone.count'"},{"line":2,"warning":"metric key 'dtapi.problem.open.managementZone' changed to 'dtapi.problem.open.managementZone.count'"},{"line":3,"warning":"metric key 'dtapi.problem.open.managementZone' changed to 'dtapi.problem.open.managementZone.count'"},{"line":4,"warning":"metric key 'dtapi.problem.open.managementZone' changed to 'dtapi.problem.open.managementZone.count'"},{"line":5,"warning":"metric key 'dtapi.problem.open.managementZone' changed to 'dtapi.problem.open.managementZone.count'"}]}}
2022-10-18 10:43:04,299 pkg.api INFO : POST METRIC :<Response [202]>
2022-10-18 10:43:04,301 pkg.api INFO : {"linesOk":1,"linesInvalid":0,"error":null,"warnings":{"message":"1 warnings","changedMetricKeys":[{"line":1,"warning":"metric key 'dtapi.problem.open.new.global' changed to 'dtapi.problem.open.new.global.count'"}]}}
2022-10-18 10:43:05,041 pkg.api INFO : POST METRIC :<Response [202]>
2022-10-18 10:43:05,042 pkg.api INFO : {"linesOk":3,"linesInvalid":0,"error":null,"warnings":null}
2022-10-18 10:44:02,230 pkg.api INFO : GET PROBLEMS :<Response [200]>
2022-10-18 10:44:02,978 pkg.api INFO : GET MANAGMENT ZONES :<Response [200]>
2022-10-18 10:44:03,700 pkg.api INFO : POST METRIC :<Response [202]>
2022-10-18 10:44:03,701 pkg.api INFO : {"linesOk":5,"linesInvalid":0,"error":null,"warnings":{"message":"5 warnings","changedMetricKeys":[{"line":1,"warning":"metric key 'dtapi.problem.open.managementZone' changed to 'dtapi.problem.open.managementZone.count'"},{"line":2,"warning":"metric key 'dtapi.problem.open.managementZone' changed to 'dtapi.problem.open.managementZone.count'"},{"line":3,"warning":"metric key 'dtapi.problem.open.managementZone' changed to 'dtapi.problem.open.managementZone.count'"},{"line":4,"warning":"metric key 'dtapi.problem.open.managementZone' changed to 'dtapi.problem.open.managementZone.count'"},{"line":5,"warning":"metric key 'dtapi.problem.open.managementZone' changed to 'dtapi.problem.open.managementZone.count'"}]}}
2022-10-18 10:44:04,439 pkg.api INFO : POST METRIC :<Response [202]>
2022-10-18 10:44:04,439 pkg.api INFO : {"linesOk":2,"linesInvalid":0,"error":null,"warnings":null}
2022-10-18 10:44:05,197 pkg.api INFO : POST METRIC :<Response [202]>
2022-10-18 10:44:05,198 pkg.api INFO : {"linesOk":1,"linesInvalid":0,"error":null,"warnings":{"message":"1 warnings","changedMetricKeys":[{"line":1,"warning":"metric key 'dtapi.problem.open.new.global' changed to 'dtapi.problem.open.new.global.count'"}]}}
2022-10-18 10:44:05,939 pkg.api INFO : POST METRIC :<Response [202]>
2022-10-18 10:44:05,940 pkg.api INFO : {"linesOk":3,"linesInvalid":0,"error":null,"warnings":null}
2022-10-18 10:45:03,322 pkg.api INFO : GET PROBLEMS :<Response [200]>
2022-10-18 10:45:04,098 pkg.api INFO : GET MANAGMENT ZONES :<Response [200]>
2022-10-18 10:45:04,819 pkg.api INFO : POST METRIC :<Response [202]>
2022-10-18 10:45:04,821 pkg.api INFO : {"linesOk":5,"linesInvalid":0,"error":null,"warnings":{"message":"5 warnings","changedMetricKeys":[{"line":1,"warning":"metric key 'dtapi.problem.open.managementZone' changed to 'dtapi.problem.open.managementZone.count'"},{"line":2,"warning":"metric key 'dtapi.problem.open.managementZone' changed to 'dtapi.problem.open.managementZone.count'"},{"line":3,"warning":"metric key 'dtapi.problem.open.managementZone' changed to 'dtapi.problem.open.managementZone.count'"},{"line":4,"warning":"metric key 'dtapi.problem.open.managementZone' changed to 'dtapi.problem.open.managementZone.count'"},{"line":5,"warning":"metric key 'dtapi.problem.open.managementZone' changed to 'dtapi.problem.open.managementZone.count'"}]}}
2022-10-18 10:45:05,655 pkg.api INFO : POST METRIC :<Response [202]>
2022-10-18 10:45:05,657 pkg.api INFO : {"linesOk":1,"linesInvalid":0,"error":null,"warnings":{"message":"1 warnings","changedMetricKeys":[{"line":1,"warning":"metric key 'dtapi.problem.open.new.global' changed to 'dtapi.problem.open.new.global.count'"}]}}
2022-10-18 10:45:06,679 pkg.api INFO : POST METRIC :<Response [202]>
2022-10-18 10:45:06,680 pkg.api INFO : {"linesOk":3,"linesInvalid":0,"error":null,"warnings":null}
2022-10-18 10:46:02,850 pkg.api INFO : GET PROBLEMS :<Response [200]>
2022-10-18 10:46:03,647 pkg.api INFO : GET MANAGMENT ZONES :<Response [200]>
2022-10-18 10:46:04,410 pkg.api INFO : POST METRIC :<Response [202]>
2022-10-18 10:46:04,410 pkg.api INFO : {"linesOk":5,"linesInvalid":0,"error":null,"warnings":{"message":"5 warnings","changedMetricKeys":[{"line":1,"warning":"metric key 'dtapi.problem.open.managementZone' changed to 'dtapi.problem.open.managementZone.count'"},{"line":2,"warning":"metric key 'dtapi.problem.open.managementZone' changed to 'dtapi.problem.open.managementZone.count'"},{"line":3,"warning":"metric key 'dtapi.problem.open.managementZone' changed to 'dtapi.problem.open.managementZone.count'"},{"line":4,"warning":"metric key 'dtapi.problem.open.managementZone' changed to 'dtapi.problem.open.managementZone.count'"},{"line":5,"warning":"metric key 'dtapi.problem.open.managementZone' changed to 'dtapi.problem.open.managementZone.count'"}]}}
2022-10-18 10:46:05,123 pkg.api INFO : POST METRIC :<Response [202]>
2022-10-18 10:46:05,124 pkg.api INFO : {"linesOk":1,"linesInvalid":0,"error":null,"warnings":{"message":"1 warnings","changedMetricKeys":[{"line":1,"warning":"metric key 'dtapi.problem.open.new.global' changed to 'dtapi.problem.open.new.global.count'"}]}}
2022-10-18 10:46:05,829 pkg.api INFO : POST METRIC :<Response [202]>
2022-10-18 10:46:05,830 pkg.api INFO : {"linesOk":3,"linesInvalid":0,"error":null,"warnings":null}
2022-10-18 10:47:03,072 pkg.api INFO : GET PROBLEMS :<Response [200]>
2022-10-18 10:47:04,012 pkg.api INFO : GET MANAGMENT ZONES :<Response [200]>
2022-10-18 10:47:04,754 pkg.api INFO : POST METRIC :<Response [202]>
2022-10-18 10:47:04,755 pkg.api INFO : {"linesOk":5,"linesInvalid":0,"error":null,"warnings":{"message":"5 warnings","changedMetricKeys":[{"line":1,"warning":"metric key 'dtapi.problem.open.managementZone' changed to 'dtapi.problem.open.managementZone.count'"},{"line":2,"warning":"metric key 'dtapi.problem.open.managementZone' changed to 'dtapi.problem.open.managementZone.count'"},{"line":3,"warning":"metric key 'dtapi.problem.open.managementZone' changed to 'dtapi.problem.open.managementZone.count'"},{"line":4,"warning":"metric key 'dtapi.problem.open.managementZone' changed to 'dtapi.problem.open.managementZone.count'"},{"line":5,"warning":"metric key 'dtapi.problem.open.managementZone' changed to 'dtapi.problem.open.managementZone.count'"}]}}
2022-10-18 10:47:05,554 pkg.api INFO : POST METRIC :<Response [202]>
2022-10-18 10:47:05,555 pkg.api INFO : {"linesOk":1,"linesInvalid":0,"error":null,"warnings":{"message":"1 warnings","changedMetricKeys":[{"line":1,"warning":"metric key 'dtapi.problem.open.new.global' changed to 'dtapi.problem.open.new.global.count'"}]}}
2022-10-18 10:47:06,268 pkg.api INFO : POST METRIC :<Response [202]>
2022-10-18 10:47:06,268 pkg.api INFO : {"linesOk":3,"linesInvalid":0,"error":null,"warnings":null}
2022-10-18 10:48:02,333 pkg.api INFO : GET PROBLEMS :<Response [200]>
2022-10-18 10:48:03,112 pkg.api INFO : GET MANAGMENT ZONES :<Response [200]>
2022-10-18 10:48:03,878 pkg.api INFO : POST METRIC :<Response [202]>
2022-10-18 10:48:03,880 pkg.api INFO : {"linesOk":5,"linesInvalid":0,"error":null,"warnings":{"message":"5 warnings","changedMetricKeys":[{"line":1,"warning":"metric key 'dtapi.problem.open.managementZone' changed to 'dtapi.problem.open.managementZone.count'"},{"line":2,"warning":"metric key 'dtapi.problem.open.managementZone' changed to 'dtapi.problem.open.managementZone.count'"},{"line":3,"warning":"metric key 'dtapi.problem.open.managementZone' changed to 'dtapi.problem.open.managementZone.count'"},{"line":4,"warning":"metric key 'dtapi.problem.open.managementZone' changed to 'dtapi.problem.open.managementZone.count'"},{"line":5,"warning":"metric key 'dtapi.problem.open.managementZone' changed to 'dtapi.problem.open.managementZone.count'"}]}}
2022-10-18 10:48:04,599 pkg.api INFO : POST METRIC :<Response [202]>
2022-10-18 10:48:04,599 pkg.api INFO : {"linesOk":2,"linesInvalid":0,"error":null,"warnings":null}
2022-10-18 10:48:05,359 pkg.api INFO : POST METRIC :<Response [202]>
2022-10-18 10:48:05,359 pkg.api INFO : {"linesOk":5,"linesInvalid":0,"error":null,"warnings":{"message":"5 warnings","changedMetricKeys":[{"line":1,"warning":"metric key 'dtapi.problem.open.new.global' changed to 'dtapi.problem.open.new.global.count'"},{"line":2,"warning":"metric key 'dtapi.problem.open.new.managementZone' changed to 'dtapi.problem.open.new.managementZone.count'"},{"line":3,"warning":"metric key 'dtapi.problem.open.global.per_title' changed to 'dtapi.problem.open.global.per_title.count'"},{"line":4,"warning":"metric key 'dtapi.problem.open.global.per_impact_level' changed to 'dtapi.problem.open.global.per_impact_level.count'"},{"line":5,"warning":"metric key 'dtapi.problem.open.global' changed to 'dtapi.problem.open.global.count'"}]}}
2022-10-18 10:48:06,126 pkg.api INFO : POST METRIC :<Response [202]>
2022-10-18 10:48:06,127 pkg.api INFO : {"linesOk":3,"linesInvalid":0,"error":null,"warnings":null}
2022-10-18 10:49:02,127 pkg.api INFO : GET PROBLEMS :<Response [200]>
2022-10-18 10:49:02,905 pkg.api INFO : GET MANAGMENT ZONES :<Response [200]>
2022-10-18 10:49:03,707 pkg.api INFO : POST METRIC :<Response [202]>
2022-10-18 10:49:03,708 pkg.api INFO : {"linesOk":5,"linesInvalid":0,"error":null,"warnings":{"message":"5 warnings","changedMetricKeys":[{"line":1,"warning":"metric key 'dtapi.problem.open.managementZone' changed to 'dtapi.problem.open.managementZone.count'"},{"line":2,"warning":"metric key 'dtapi.problem.open.managementZone' changed to 'dtapi.problem.open.managementZone.count'"},{"line":3,"warning":"metric key 'dtapi.problem.open.managementZone' changed to 'dtapi.problem.open.managementZone.count'"},{"line":4,"warning":"metric key 'dtapi.problem.open.managementZone' changed to 'dtapi.problem.open.managementZone.count'"},{"line":5,"warning":"metric key 'dtapi.problem.open.managementZone' changed to 'dtapi.problem.open.managementZone.count'"}]}}
2022-10-18 10:49:04,410 pkg.api INFO : POST METRIC :<Response [202]>
2022-10-18 10:49:04,411 pkg.api INFO : {"linesOk":1,"linesInvalid":0,"error":null,"warnings":{"message":"1 warnings","changedMetricKeys":[{"line":1,"warning":"metric key 'dtapi.problem.open.new.global' changed to 'dtapi.problem.open.new.global.count'"}]}}
2022-10-18 10:49:05,152 pkg.api INFO : POST METRIC :<Response [202]>
2022-10-18 10:49:05,153 pkg.api INFO : {"linesOk":3,"linesInvalid":0,"error":null,"warnings":null}
2022-10-18 10:50:02,145 pkg.api INFO : GET PROBLEMS :<Response [200]>
2022-10-18 10:50:02,856 pkg.api INFO : GET MANAGMENT ZONES :<Response [200]>
2022-10-18 10:50:04,566 pkg.api INFO : POST METRIC :<Response [202]>
2022-10-18 10:50:04,566 pkg.api INFO : {"linesOk":5,"linesInvalid":0,"error":null,"warnings":{"message":"5 warnings","changedMetricKeys":[{"line":1,"warning":"metric key 'dtapi.problem.open.managementZone' changed to 'dtapi.problem.open.managementZone.count'"},{"line":2,"warning":"metric key 'dtapi.problem.open.managementZone' changed to 'dtapi.problem.open.managementZone.count'"},{"line":3,"warning":"metric key 'dtapi.problem.open.managementZone' changed to 'dtapi.problem.open.managementZone.count'"},{"line":4,"warning":"metric key 'dtapi.problem.open.managementZone' changed to 'dtapi.problem.open.managementZone.count'"},{"line":5,"warning":"metric key 'dtapi.problem.open.managementZone' changed to 'dtapi.problem.open.managementZone.count'"}]}}
2022-10-18 10:50:05,369 pkg.api INFO : POST METRIC :<Response [202]>
2022-10-18 10:50:05,370 pkg.api INFO : {"linesOk":1,"linesInvalid":0,"error":null,"warnings":{"message":"1 warnings","changedMetricKeys":[{"line":1,"warning":"metric key 'dtapi.problem.open.new.global' changed to 'dtapi.problem.open.new.global.count'"}]}}
2022-10-18 10:50:09,854 pkg.api INFO : POST METRIC :<Response [202]>
2022-10-18 10:50:09,855 pkg.api INFO : {"linesOk":3,"linesInvalid":0,"error":null,"warnings":null}
2022-10-18 10:51:03,203 pkg.api INFO : GET PROBLEMS :<Response [200]>
2022-10-18 10:51:04,227 pkg.api INFO : GET MANAGMENT ZONES :<Response [200]>
2022-10-18 10:51:04,958 pkg.api INFO : POST METRIC :<Response [202]>
2022-10-18 10:51:04,958 pkg.api INFO : {"linesOk":5,"linesInvalid":0,"error":null,"warnings":{"message":"5 warnings","changedMetricKeys":[{"line":1,"warning":"metric key 'dtapi.problem.open.managementZone' changed to 'dtapi.problem.open.managementZone.count'"},{"line":2,"warning":"metric key 'dtapi.problem.open.managementZone' changed to 'dtapi.problem.open.managementZone.count'"},{"line":3,"warning":"metric key 'dtapi.problem.open.managementZone' changed to 'dtapi.problem.open.managementZone.count'"},{"line":4,"warning":"metric key 'dtapi.problem.open.managementZone' changed to 'dtapi.problem.open.managementZone.count'"},{"line":5,"warning":"metric key 'dtapi.problem.open.managementZone' changed to 'dtapi.problem.open.managementZone.count'"}]}}
2022-10-18 10:51:05,702 pkg.api INFO : POST METRIC :<Response [202]>
2022-10-18 10:51:05,703 pkg.api INFO : {"linesOk":1,"linesInvalid":0,"error":null,"warnings":{"message":"1 warnings","changedMetricKeys":[{"line":1,"warning":"metric key 'dtapi.problem.open.new.global' changed to 'dtapi.problem.open.new.global.count'"}]}}
2022-10-18 10:51:06,482 pkg.api INFO : POST METRIC :<Response [202]>
2022-10-18 10:51:06,483 pkg.api INFO : {"linesOk":3,"linesInvalid":0,"error":null,"warnings":null}
2022-10-18 10:52:02,469 pkg.api INFO : GET PROBLEMS :<Response [200]>
2022-10-18 10:52:03,216 pkg.api INFO : GET MANAGMENT ZONES :<Response [200]>
2022-10-18 10:52:03,948 pkg.api INFO : POST METRIC :<Response [202]>
2022-10-18 10:52:03,948 pkg.api INFO : {"linesOk":5,"linesInvalid":0,"error":null,"warnings":{"message":"5 warnings","changedMetricKeys":[{"line":1,"warning":"metric key 'dtapi.problem.open.managementZone' changed to 'dtapi.problem.open.managementZone.count'"},{"line":2,"warning":"metric key 'dtapi.problem.open.managementZone' changed to 'dtapi.problem.open.managementZone.count'"},{"line":3,"warning":"metric key 'dtapi.problem.open.managementZone' changed to 'dtapi.problem.open.managementZone.count'"},{"line":4,"warning":"metric key 'dtapi.problem.open.managementZone' changed to 'dtapi.problem.open.managementZone.count'"},{"line":5,"warning":"metric key 'dtapi.problem.open.managementZone' changed to 'dtapi.problem.open.managementZone.count'"}]}}
2022-10-18 10:52:04,702 pkg.api INFO : POST METRIC :<Response [202]>
2022-10-18 10:52:04,704 pkg.api INFO : {"linesOk":1,"linesInvalid":0,"error":null,"warnings":{"message":"1 warnings","changedMetricKeys":[{"line":1,"warning":"metric key 'dtapi.problem.open.new.global' changed to 'dtapi.problem.open.new.global.count'"}]}}
2022-10-18 10:52:05,424 pkg.api INFO : POST METRIC :<Response [202]>
2022-10-18 10:52:05,425 pkg.api INFO : {"linesOk":3,"linesInvalid":0,"error":null,"warnings":null}
2022-10-18 10:53:02,422 pkg.api INFO : GET PROBLEMS :<Response [200]>
2022-10-18 10:53:03,135 pkg.api INFO : GET MANAGMENT ZONES :<Response [200]>
2022-10-18 10:53:03,851 pkg.api INFO : POST METRIC :<Response [202]>
2022-10-18 10:53:03,852 pkg.api INFO : {"linesOk":5,"linesInvalid":0,"error":null,"warnings":{"message":"5 warnings","changedMetricKeys":[{"line":1,"warning":"metric key 'dtapi.problem.open.managementZone' changed to 'dtapi.problem.open.managementZone.count'"},{"line":2,"warning":"metric key 'dtapi.problem.open.managementZone' changed to 'dtapi.problem.open.managementZone.count'"},{"line":3,"warning":"metric key 'dtapi.problem.open.managementZone' changed to 'dtapi.problem.open.managementZone.count'"},{"line":4,"warning":"metric key 'dtapi.problem.open.managementZone' changed to 'dtapi.problem.open.managementZone.count'"},{"line":5,"warning":"metric key 'dtapi.problem.open.managementZone' changed to 'dtapi.problem.open.managementZone.count'"}]}}
2022-10-18 10:53:04,575 pkg.api INFO : POST METRIC :<Response [202]>
2022-10-18 10:53:04,576 pkg.api INFO : {"linesOk":2,"linesInvalid":0,"error":null,"warnings":null}
2022-10-18 10:53:05,292 pkg.api INFO : POST METRIC :<Response [202]>
2022-10-18 10:53:05,293 pkg.api INFO : {"linesOk":1,"linesInvalid":0,"error":null,"warnings":{"message":"1 warnings","changedMetricKeys":[{"line":1,"warning":"metric key 'dtapi.problem.open.new.global' changed to 'dtapi.problem.open.new.global.count'"}]}}
2022-10-18 10:53:06,043 pkg.api INFO : POST METRIC :<Response [202]>
2022-10-18 10:53:06,044 pkg.api INFO : {"linesOk":3,"linesInvalid":0,"error":null,"warnings":null}
2022-10-18 10:54:02,195 pkg.api INFO : GET PROBLEMS :<Response [200]>
2022-10-18 10:54:18,345 pkg.api INFO : GET MANAGMENT ZONES :<Response [200]>
2022-10-18 10:54:18,996 pkg.api INFO : POST METRIC :<Response [202]>
2022-10-18 10:54:18,997 pkg.api INFO : {"linesOk":5,"linesInvalid":0,"error":null,"warnings":{"message":"5 warnings","changedMetricKeys":[{"line":1,"warning":"metric key 'dtapi.problem.open.managementZone' changed to 'dtapi.problem.open.managementZone.count'"},{"line":2,"warning":"metric key 'dtapi.problem.open.managementZone' changed to 'dtapi.problem.open.managementZone.count'"},{"line":3,"warning":"metric key 'dtapi.problem.open.managementZone' changed to 'dtapi.problem.open.managementZone.count'"},{"line":4,"warning":"metric key 'dtapi.problem.open.managementZone' changed to 'dtapi.problem.open.managementZone.count'"},{"line":5,"warning":"metric key 'dtapi.problem.open.managementZone' changed to 'dtapi.problem.open.managementZone.count'"}]}}
2022-10-18 10:54:20,772 pkg.api INFO : POST METRIC :<Response [202]>
2022-10-18 10:54:20,773 pkg.api INFO : {"linesOk":1,"linesInvalid":0,"error":null,"warnings":{"message":"1 warnings","changedMetricKeys":[{"line":1,"warning":"metric key 'dtapi.problem.open.new.global' changed to 'dtapi.problem.open.new.global.count'"}]}}
2022-10-18 10:54:25,541 pkg.api INFO : POST METRIC :<Response [202]>
2022-10-18 10:54:25,542 pkg.api INFO : {"linesOk":3,"linesInvalid":0,"error":null,"warnings":null}
2022-10-18 10:55:12,539 pkg.api INFO : GET PROBLEMS :<Response [200]>
2022-10-18 10:55:17,544 pkg.api INFO : GET MANAGMENT ZONES :<Response [200]>
2022-10-18 10:55:18,762 pkg.api INFO : POST METRIC :<Response [202]>
2022-10-18 10:55:18,762 pkg.api INFO : {"linesOk":5,"linesInvalid":0,"error":null,"warnings":{"message":"5 warnings","changedMetricKeys":[{"line":1,"warning":"metric key 'dtapi.problem.open.managementZone' changed to 'dtapi.problem.open.managementZone.count'"},{"line":2,"warning":"metric key 'dtapi.problem.open.managementZone' changed to 'dtapi.problem.open.managementZone.count'"},{"line":3,"warning":"metric key 'dtapi.problem.open.managementZone' changed to 'dtapi.problem.open.managementZone.count'"},{"line":4,"warning":"metric key 'dtapi.problem.open.managementZone' changed to 'dtapi.problem.open.managementZone.count'"},{"line":5,"warning":"metric key 'dtapi.problem.open.managementZone' changed to 'dtapi.problem.open.managementZone.count'"}]}}
2022-10-18 10:55:20,322 pkg.api INFO : POST METRIC :<Response [202]>
2022-10-18 10:55:20,323 pkg.api INFO : {"linesOk":1,"linesInvalid":0,"error":null,"warnings":{"message":"1 warnings","changedMetricKeys":[{"line":1,"warning":"metric key 'dtapi.problem.open.new.global' changed to 'dtapi.problem.open.new.global.count'"}]}}
2022-10-18 10:55:24,750 pkg.api INFO : POST METRIC :<Response [202]>
2022-10-18 10:55:24,751 pkg.api INFO : {"linesOk":3,"linesInvalid":0,"error":null,"warnings":null}
2022-10-18 10:56:03,273 pkg.api INFO : GET PROBLEMS :<Response [200]>
2022-10-18 10:56:05,006 pkg.api INFO : GET MANAGMENT ZONES :<Response [200]>
2022-10-18 10:56:06,857 pkg.api INFO : POST METRIC :<Response [202]>
2022-10-18 10:56:06,859 pkg.api INFO : {"linesOk":5,"linesInvalid":0,"error":null,"warnings":{"message":"5 warnings","changedMetricKeys":[{"line":1,"warning":"metric key 'dtapi.problem.open.managementZone' changed to 'dtapi.problem.open.managementZone.count'"},{"line":2,"warning":"metric key 'dtapi.problem.open.managementZone' changed to 'dtapi.problem.open.managementZone.count'"},{"line":3,"warning":"metric key 'dtapi.problem.open.managementZone' changed to 'dtapi.problem.open.managementZone.count'"},{"line":4,"warning":"metric key 'dtapi.problem.open.managementZone' changed to 'dtapi.problem.open.managementZone.count'"},{"line":5,"warning":"metric key 'dtapi.problem.open.managementZone' changed to 'dtapi.problem.open.managementZone.count'"}]}}
2022-10-18 10:56:16,624 pkg.api INFO : POST METRIC :<Response [202]>
2022-10-18 10:56:16,625 pkg.api INFO : {"linesOk":1,"linesInvalid":0,"error":null,"warnings":{"message":"1 warnings","changedMetricKeys":[{"line":1,"warning":"metric key 'dtapi.problem.open.new.global' changed to 'dtapi.problem.open.new.global.count'"}]}}
2022-10-18 10:56:21,283 pkg.api INFO : POST METRIC :<Response [202]>
2022-10-18 10:56:21,284 pkg.api INFO : {"linesOk":3,"linesInvalid":0,"error":null,"warnings":null}
2022-10-18 10:57:02,938 pkg.api INFO : GET PROBLEMS :<Response [200]>
2022-10-18 10:57:03,671 pkg.api INFO : GET MANAGMENT ZONES :<Response [200]>
2022-10-18 10:57:04,340 pkg.api INFO : POST METRIC :<Response [202]>
2022-10-18 10:57:04,341 pkg.api INFO : {"linesOk":5,"linesInvalid":0,"error":null,"warnings":{"message":"5 warnings","changedMetricKeys":[{"line":1,"warning":"metric key 'dtapi.problem.open.managementZone' changed to 'dtapi.problem.open.managementZone.count'"},{"line":2,"warning":"metric key 'dtapi.problem.open.managementZone' changed to 'dtapi.problem.open.managementZone.count'"},{"line":3,"warning":"metric key 'dtapi.problem.open.managementZone' changed to 'dtapi.problem.open.managementZone.count'"},{"line":4,"warning":"metric key 'dtapi.problem.open.managementZone' changed to 'dtapi.problem.open.managementZone.count'"},{"line":5,"warning":"metric key 'dtapi.problem.open.managementZone' changed to 'dtapi.problem.open.managementZone.count'"}]}}
2022-10-18 10:57:04,978 pkg.api INFO : POST METRIC :<Response [202]>
2022-10-18 10:57:04,979 pkg.api INFO : {"linesOk":5,"linesInvalid":0,"error":null,"warnings":{"message":"5 warnings","changedMetricKeys":[{"line":1,"warning":"metric key 'dtapi.problem.open.new.global' changed to 'dtapi.problem.open.new.global.count'"},{"line":2,"warning":"metric key 'dtapi.problem.open.new.managementZone' changed to 'dtapi.problem.open.new.managementZone.count'"},{"line":3,"warning":"metric key 'dtapi.problem.open.global.per_title' changed to 'dtapi.problem.open.global.per_title.count'"},{"line":4,"warning":"metric key 'dtapi.problem.open.global.per_impact_level' changed to 'dtapi.problem.open.global.per_impact_level.count'"},{"line":5,"warning":"metric key 'dtapi.problem.open.global' changed to 'dtapi.problem.open.global.count'"}]}}
2022-10-18 10:57:05,637 pkg.api INFO : POST METRIC :<Response [202]>
2022-10-18 10:57:05,638 pkg.api INFO : {"linesOk":3,"linesInvalid":0,"error":null,"warnings":null}
2022-10-18 10:58:12,805 pkg.api INFO : GET PROBLEMS :<Response [200]>
2022-10-18 10:58:14,639 pkg.api INFO : GET MANAGMENT ZONES :<Response [200]>
2022-10-18 10:58:15,355 pkg.api INFO : POST METRIC :<Response [202]>
2022-10-18 10:58:15,356 pkg.api INFO : {"linesOk":5,"linesInvalid":0,"error":null,"warnings":{"message":"5 warnings","changedMetricKeys":[{"line":1,"warning":"metric key 'dtapi.problem.open.managementZone' changed to 'dtapi.problem.open.managementZone.count'"},{"line":2,"warning":"metric key 'dtapi.problem.open.managementZone' changed to 'dtapi.problem.open.managementZone.count'"},{"line":3,"warning":"metric key 'dtapi.problem.open.managementZone' changed to 'dtapi.problem.open.managementZone.count'"},{"line":4,"warning":"metric key 'dtapi.problem.open.managementZone' changed to 'dtapi.problem.open.managementZone.count'"},{"line":5,"warning":"metric key 'dtapi.problem.open.managementZone' changed to 'dtapi.problem.open.managementZone.count'"}]}}
2022-10-18 10:58:21,178 pkg.api INFO : POST METRIC :<Response [202]>
2022-10-18 10:58:21,179 pkg.api INFO : {"linesOk":1,"linesInvalid":0,"error":null,"warnings":{"message":"1 warnings","changedMetricKeys":[{"line":1,"warning":"metric key 'dtapi.problem.open.new.global' changed to 'dtapi.problem.open.new.global.count'"}]}}
2022-10-18 10:58:25,670 pkg.api INFO : POST METRIC :<Response [202]>
2022-10-18 10:58:25,671 pkg.api INFO : {"linesOk":3,"linesInvalid":0,"error":null,"warnings":null}
2022-10-18 10:59:07,645 pkg.api INFO : GET PROBLEMS :<Response [200]>
2022-10-18 10:59:08,360 pkg.api INFO : GET MANAGMENT ZONES :<Response [200]>
2022-10-18 10:59:09,561 pkg.api INFO : POST METRIC :<Response [202]>
2022-10-18 10:59:09,562 pkg.api INFO : {"linesOk":5,"linesInvalid":0,"error":null,"warnings":{"message":"5 warnings","changedMetricKeys":[{"line":1,"warning":"metric key 'dtapi.problem.open.managementZone' changed to 'dtapi.problem.open.managementZone.count'"},{"line":2,"warning":"metric key 'dtapi.problem.open.managementZone' changed to 'dtapi.problem.open.managementZone.count'"},{"line":3,"warning":"metric key 'dtapi.problem.open.managementZone' changed to 'dtapi.problem.open.managementZone.count'"},{"line":4,"warning":"metric key 'dtapi.problem.open.managementZone' changed to 'dtapi.problem.open.managementZone.count'"},{"line":5,"warning":"metric key 'dtapi.problem.open.managementZone' changed to 'dtapi.problem.open.managementZone.count'"}]}}
2022-10-18 10:59:15,491 pkg.api INFO : POST METRIC :<Response [202]>
2022-10-18 10:59:15,492 pkg.api INFO : {"linesOk":5,"linesInvalid":0,"error":null,"warnings":{"message":"5 warnings","changedMetricKeys":[{"line":1,"warning":"metric key 'dtapi.problem.open.new.global' changed to 'dtapi.problem.open.new.global.count'"},{"line":2,"warning":"metric key 'dtapi.problem.open.new.managementZone' changed to 'dtapi.problem.open.new.managementZone.count'"},{"line":3,"warning":"metric key 'dtapi.problem.open.global.per_title' changed to 'dtapi.problem.open.global.per_title.count'"},{"line":4,"warning":"metric key 'dtapi.problem.open.global.per_impact_level' changed to 'dtapi.problem.open.global.per_impact_level.count'"},{"line":5,"warning":"metric key 'dtapi.problem.open.global' changed to 'dtapi.problem.open.global.count'"}]}}
2022-10-18 10:59:16,319 pkg.api INFO : POST METRIC :<Response [202]>
2022-10-18 10:59:16,320 pkg.api INFO : {"linesOk":3,"linesInvalid":0,"error":null,"warnings":null}
2022-10-18 11:00:02,360 pkg.api INFO : GET PROBLEMS :<Response [200]>
2022-10-18 11:00:03,108 pkg.api INFO : GET MANAGMENT ZONES :<Response [200]>
2022-10-18 11:00:03,840 pkg.api INFO : POST METRIC :<Response [202]>
2022-10-18 11:00:03,841 pkg.api INFO : {"linesOk":5,"linesInvalid":0,"error":null,"warnings":{"message":"5 warnings","changedMetricKeys":[{"line":1,"warning":"metric key 'dtapi.problem.open.managementZone' changed to 'dtapi.problem.open.managementZone.count'"},{"line":2,"warning":"metric key 'dtapi.problem.open.managementZone' changed to 'dtapi.problem.open.managementZone.count'"},{"line":3,"warning":"metric key 'dtapi.problem.open.managementZone' changed to 'dtapi.problem.open.managementZone.count'"},{"line":4,"warning":"metric key 'dtapi.problem.open.managementZone' changed to 'dtapi.problem.open.managementZone.count'"},{"line":5,"warning":"metric key 'dtapi.problem.open.managementZone' changed to 'dtapi.problem.open.managementZone.count'"}]}}
2022-10-18 11:00:04,555 pkg.api INFO : POST METRIC :<Response [202]>
2022-10-18 11:00:04,557 pkg.api INFO : {"linesOk":1,"linesInvalid":0,"error":null,"warnings":{"message":"1 warnings","changedMetricKeys":[{"line":1,"warning":"metric key 'dtapi.problem.open.new.global' changed to 'dtapi.problem.open.new.global.count'"}]}}
2022-10-18 11:00:05,310 pkg.api INFO : POST METRIC :<Response [202]>
2022-10-18 11:00:05,311 pkg.api INFO : {"linesOk":3,"linesInvalid":0,"error":null,"warnings":null}
2022-10-18 11:01:02,394 pkg.api INFO : GET PROBLEMS :<Response [200]>
2022-10-18 11:01:03,426 pkg.api INFO : GET MANAGMENT ZONES :<Response [200]>
2022-10-18 11:01:04,184 pkg.api INFO : POST METRIC :<Response [202]>
2022-10-18 11:01:04,186 pkg.api INFO : {"linesOk":5,"linesInvalid":0,"error":null,"warnings":{"message":"5 warnings","changedMetricKeys":[{"line":1,"warning":"metric key 'dtapi.problem.open.managementZone' changed to 'dtapi.problem.open.managementZone.count'"},{"line":2,"warning":"metric key 'dtapi.problem.open.managementZone' changed to 'dtapi.problem.open.managementZone.count'"},{"line":3,"warning":"metric key 'dtapi.problem.open.managementZone' changed to 'dtapi.problem.open.managementZone.count'"},{"line":4,"warning":"metric key 'dtapi.problem.open.managementZone' changed to 'dtapi.problem.open.managementZone.count'"},{"line":5,"warning":"metric key 'dtapi.problem.open.managementZone' changed to 'dtapi.problem.open.managementZone.count'"}]}}
2022-10-18 11:01:04,938 pkg.api INFO : POST METRIC :<Response [202]>
2022-10-18 11:01:04,938 pkg.api INFO : {"linesOk":1,"linesInvalid":0,"error":null,"warnings":{"message":"1 warnings","changedMetricKeys":[{"line":1,"warning":"metric key 'dtapi.problem.open.new.global' changed to 'dtapi.problem.open.new.global.count'"}]}}
2022-10-18 11:01:05,705 pkg.api INFO : POST METRIC :<Response [202]>
2022-10-18 11:01:05,706 pkg.api INFO : {"linesOk":3,"linesInvalid":0,"error":null,"warnings":null}
2022-10-18 11:02:03,057 pkg.api INFO : GET PROBLEMS :<Response [200]>
2022-10-18 11:02:03,836 pkg.api INFO : GET MANAGMENT ZONES :<Response [200]>
2022-10-18 11:02:04,576 pkg.api INFO : POST METRIC :<Response [202]>
2022-10-18 11:02:04,577 pkg.api INFO : {"linesOk":5,"linesInvalid":0,"error":null,"warnings":{"message":"5 warnings","changedMetricKeys":[{"line":1,"warning":"metric key 'dtapi.problem.open.managementZone' changed to 'dtapi.problem.open.managementZone.count'"},{"line":2,"warning":"metric key 'dtapi.problem.open.managementZone' changed to 'dtapi.problem.open.managementZone.count'"},{"line":3,"warning":"metric key 'dtapi.problem.open.managementZone' changed to 'dtapi.problem.open.managementZone.count'"},{"line":4,"warning":"metric key 'dtapi.problem.open.managementZone' changed to 'dtapi.problem.open.managementZone.count'"},{"line":5,"warning":"metric key 'dtapi.problem.open.managementZone' changed to 'dtapi.problem.open.managementZone.count'"}]}}
2022-10-18 11:02:05,358 pkg.api INFO : POST METRIC :<Response [202]>
2022-10-18 11:02:05,359 pkg.api INFO : {"linesOk":1,"linesInvalid":0,"error":null,"warnings":{"message":"1 warnings","changedMetricKeys":[{"line":1,"warning":"metric key 'dtapi.problem.open.new.global' changed to 'dtapi.problem.open.new.global.count'"}]}}
2022-10-18 11:02:06,103 pkg.api INFO : POST METRIC :<Response [202]>
2022-10-18 11:02:06,104 pkg.api INFO : {"linesOk":3,"linesInvalid":0,"error":null,"warnings":null}
2022-10-18 11:03:02,090 pkg.api INFO : GET PROBLEMS :<Response [200]>
2022-10-18 11:03:02,809 pkg.api INFO : GET MANAGMENT ZONES :<Response [200]>
2022-10-18 11:03:03,543 pkg.api INFO : POST METRIC :<Response [202]>
2022-10-18 11:03:03,544 pkg.api INFO : {"linesOk":5,"linesInvalid":0,"error":null,"warnings":{"message":"5 warnings","changedMetricKeys":[{"line":1,"warning":"metric key 'dtapi.problem.open.managementZone' changed to 'dtapi.problem.open.managementZone.count'"},{"line":2,"warning":"metric key 'dtapi.problem.open.managementZone' changed to 'dtapi.problem.open.managementZone.count'"},{"line":3,"warning":"metric key 'dtapi.problem.open.managementZone' changed to 'dtapi.problem.open.managementZone.count'"},{"line":4,"warning":"metric key 'dtapi.problem.open.managementZone' changed to 'dtapi.problem.open.managementZone.count'"},{"line":5,"warning":"metric key 'dtapi.problem.open.managementZone' changed to 'dtapi.problem.open.managementZone.count'"}]}}
2022-10-18 11:03:04,319 pkg.api INFO : POST METRIC :<Response [202]>
2022-10-18 11:03:04,320 pkg.api INFO : {"linesOk":1,"linesInvalid":0,"error":null,"warnings":{"message":"1 warnings","changedMetricKeys":[{"line":1,"warning":"metric key 'dtapi.problem.open.new.global' changed to 'dtapi.problem.open.new.global.count'"}]}}
2022-10-18 11:03:05,038 pkg.api INFO : POST METRIC :<Response [202]>
2022-10-18 11:03:05,039 pkg.api INFO : {"linesOk":3,"linesInvalid":0,"error":null,"warnings":null}
2022-10-18 11:04:03,135 pkg.api INFO : GET PROBLEMS :<Response [200]>
2022-10-18 11:04:03,832 pkg.api INFO : GET MANAGMENT ZONES :<Response [200]>
2022-10-18 11:04:04,542 pkg.api INFO : POST METRIC :<Response [202]>
2022-10-18 11:04:04,543 pkg.api INFO : {"linesOk":5,"linesInvalid":0,"error":null,"warnings":{"message":"5 warnings","changedMetricKeys":[{"line":1,"warning":"metric key 'dtapi.problem.open.managementZone' changed to 'dtapi.problem.open.managementZone.count'"},{"line":2,"warning":"metric key 'dtapi.problem.open.managementZone' changed to 'dtapi.problem.open.managementZone.count'"},{"line":3,"warning":"metric key 'dtapi.problem.open.managementZone' changed to 'dtapi.problem.open.managementZone.count'"},{"line":4,"warning":"metric key 'dtapi.problem.open.managementZone' changed to 'dtapi.problem.open.managementZone.count'"},{"line":5,"warning":"metric key 'dtapi.problem.open.managementZone' changed to 'dtapi.problem.open.managementZone.count'"}]}}
2022-10-18 11:04:05,284 pkg.api INFO : POST METRIC :<Response [202]>
2022-10-18 11:04:05,286 pkg.api INFO : {"linesOk":1,"linesInvalid":0,"error":null,"warnings":{"message":"1 warnings","changedMetricKeys":[{"line":1,"warning":"metric key 'dtapi.problem.open.new.global' changed to 'dtapi.problem.open.new.global.count'"}]}}
2022-10-18 11:04:06,033 pkg.api INFO : POST METRIC :<Response [202]>
2022-10-18 11:04:06,034 pkg.api INFO : {"linesOk":3,"linesInvalid":0,"error":null,"warnings":null}
2022-10-18 11:05:02,416 pkg.api INFO : GET PROBLEMS :<Response [200]>
2022-10-18 11:05:03,201 pkg.api INFO : GET MANAGMENT ZONES :<Response [200]>
2022-10-18 11:05:03,967 pkg.api INFO : POST METRIC :<Response [202]>
2022-10-18 11:05:03,968 pkg.api INFO : {"linesOk":5,"linesInvalid":0,"error":null,"warnings":{"message":"5 warnings","changedMetricKeys":[{"line":1,"warning":"metric key 'dtapi.problem.open.managementZone' changed to 'dtapi.problem.open.managementZone.count'"},{"line":2,"warning":"metric key 'dtapi.problem.open.managementZone' changed to 'dtapi.problem.open.managementZone.count'"},{"line":3,"warning":"metric key 'dtapi.problem.open.managementZone' changed to 'dtapi.problem.open.managementZone.count'"},{"line":4,"warning":"metric key 'dtapi.problem.open.managementZone' changed to 'dtapi.problem.open.managementZone.count'"},{"line":5,"warning":"metric key 'dtapi.problem.open.managementZone' changed to 'dtapi.problem.open.managementZone.count'"}]}}
2022-10-18 11:05:04,696 pkg.api INFO : POST METRIC :<Response [202]>
2022-10-18 11:05:04,698 pkg.api INFO : {"linesOk":1,"linesInvalid":0,"error":null,"warnings":{"message":"1 warnings","changedMetricKeys":[{"line":1,"warning":"metric key 'dtapi.problem.open.new.global' changed to 'dtapi.problem.open.new.global.count'"}]}}
2022-10-18 11:05:05,470 pkg.api INFO : POST METRIC :<Response [202]>
2022-10-18 11:05:05,471 pkg.api INFO : {"linesOk":3,"linesInvalid":0,"error":null,"warnings":null}
2022-10-18 11:06:02,563 pkg.api INFO : GET PROBLEMS :<Response [200]>
2022-10-18 11:06:03,324 pkg.api INFO : GET MANAGMENT ZONES :<Response [200]>
2022-10-18 11:06:04,415 pkg.api INFO : POST METRIC :<Response [202]>
2022-10-18 11:06:04,417 pkg.api INFO : {"linesOk":5,"linesInvalid":0,"error":null,"warnings":{"message":"5 warnings","changedMetricKeys":[{"line":1,"warning":"metric key 'dtapi.problem.open.managementZone' changed to 'dtapi.problem.open.managementZone.count'"},{"line":2,"warning":"metric key 'dtapi.problem.open.managementZone' changed to 'dtapi.problem.open.managementZone.count'"},{"line":3,"warning":"metric key 'dtapi.problem.open.managementZone' changed to 'dtapi.problem.open.managementZone.count'"},{"line":4,"warning":"metric key 'dtapi.problem.open.managementZone' changed to 'dtapi.problem.open.managementZone.count'"},{"line":5,"warning":"metric key 'dtapi.problem.open.managementZone' changed to 'dtapi.problem.open.managementZone.count'"}]}}
2022-10-18 11:06:05,197 pkg.api INFO : POST METRIC :<Response [202]>
2022-10-18 11:06:05,198 pkg.api INFO : {"linesOk":1,"linesInvalid":0,"error":null,"warnings":{"message":"1 warnings","changedMetricKeys":[{"line":1,"warning":"metric key 'dtapi.problem.open.new.global' changed to 'dtapi.problem.open.new.global.count'"}]}}
2022-10-18 11:06:06,035 pkg.api INFO : POST METRIC :<Response [202]>
2022-10-18 11:06:06,037 pkg.api INFO : {"linesOk":3,"linesInvalid":0,"error":null,"warnings":null}
2022-10-18 11:07:02,089 pkg.api INFO : GET PROBLEMS :<Response [200]>
2022-10-18 11:07:02,883 pkg.api INFO : GET MANAGMENT ZONES :<Response [200]>
2022-10-18 11:07:03,712 pkg.api INFO : POST METRIC :<Response [202]>
2022-10-18 11:07:03,714 pkg.api INFO : {"linesOk":5,"linesInvalid":0,"error":null,"warnings":{"message":"5 warnings","changedMetricKeys":[{"line":1,"warning":"metric key 'dtapi.problem.open.managementZone' changed to 'dtapi.problem.open.managementZone.count'"},{"line":2,"warning":"metric key 'dtapi.problem.open.managementZone' changed to 'dtapi.problem.open.managementZone.count'"},{"line":3,"warning":"metric key 'dtapi.problem.open.managementZone' changed to 'dtapi.problem.open.managementZone.count'"},{"line":4,"warning":"metric key 'dtapi.problem.open.managementZone' changed to 'dtapi.problem.open.managementZone.count'"},{"line":5,"warning":"metric key 'dtapi.problem.open.managementZone' changed to 'dtapi.problem.open.managementZone.count'"}]}}
2022-10-18 11:07:04,441 pkg.api INFO : POST METRIC :<Response [202]>
2022-10-18 11:07:04,442 pkg.api INFO : {"linesOk":1,"linesInvalid":0,"error":null,"warnings":{"message":"1 warnings","changedMetricKeys":[{"line":1,"warning":"metric key 'dtapi.problem.open.new.global' changed to 'dtapi.problem.open.new.global.count'"}]}}
2022-10-18 11:07:05,197 pkg.api INFO : POST METRIC :<Response [202]>
2022-10-18 11:07:05,199 pkg.api INFO : {"linesOk":3,"linesInvalid":0,"error":null,"warnings":null}
2022-10-18 11:08:01,435 __main__ INFO : Encoded token
2022-10-18 11:08:02,522 pkg.api INFO : GET PROBLEMS :<Response [200]>
2022-10-18 11:08:02,531 pkg.api ERROR : HTTPSConnectionPool(host='%3cyour_tenant%3e.live.dynatrace.com', port=443): Max retries exceeded with url: /api/config/v1/managementZones (Caused by NewConnectionError('<urllib3.connection.HTTPSConnection object at 0x7fd209c43ca0>: Failed to establish a new connection: [Errno -2] Name or service not known'))
2022-10-18 11:09:01,852 pkg.api ERROR : HTTPSConnectionPool(host='%3cyour_tenant%3e.live.dynatrace.com', port=443): Max retries exceeded with url: /api/v2/problems?relativeTime=-5m&pageSize=500 (Caused by NewConnectionError('<urllib3.connection.HTTPSConnection object at 0x7f840d631a20>: Failed to establish a new connection: [Errno -2] Name or service not known'))
2022-10-18 11:10:02,061 pkg.api ERROR : HTTPSConnectionPool(host='%3cyour_tenant%3e.live.dynatrace.com', port=443): Max retries exceeded with url: /api/v2/problems?relativeTime=-5m&pageSize=500 (Caused by NewConnectionError('<urllib3.connection.HTTPSConnection object at 0x7fad54f93dc0>: Failed to establish a new connection: [Errno -2] Name or service not known'))
2022-10-18 11:11:01,309 pkg.api ERROR : HTTPSConnectionPool(host='%3cyour_tenant%3e.live.dynatrace.com', port=443): Max retries exceeded with url: /api/v2/problems?relativeTime=-5m&pageSize=500 (Caused by NewConnectionError('<urllib3.connection.HTTPSConnection object at 0x7f9b8dc27dc0>: Failed to establish a new connection: [Errno -2] Name or service not known'))
2022-10-18 11:12:01,513 pkg.api ERROR : HTTPSConnectionPool(host='%3cyour_tenant%3e.live.dynatrace.com', port=443): Max retries exceeded with url: /api/v2/problems?relativeTime=-5m&pageSize=500 (Caused by NewConnectionError('<urllib3.connection.HTTPSConnection object at 0x7fcd73bf7dc0>: Failed to establish a new connection: [Errno -2] Name or service not known'))
2022-10-18 11:13:01,841 pkg.api ERROR : HTTPSConnectionPool(host='%3cyour_tenant%3e.live.dynatrace.com', port=443): Max retries exceeded with url: /api/v2/problems?relativeTime=-5m&pageSize=500 (Caused by NewConnectionError('<urllib3.connection.HTTPSConnection object at 0x7f663e947dc0>: Failed to establish a new connection: [Errno -2] Name or service not known'))
2022-10-18 11:14:02,017 pkg.api ERROR : HTTPSConnectionPool(host='%3cyour_tenant%3e.live.dynatrace.com', port=443): Max retries exceeded with url: /api/v2/problems?relativeTime=-5m&pageSize=500 (Caused by NewConnectionError('<urllib3.connection.HTTPSConnection object at 0x7f2630fb3dc0>: Failed to establish a new connection: [Errno -2] Name or service not known'))
2022-10-18 11:15:01,325 pkg.api ERROR : HTTPSConnectionPool(host='%3cyour_tenant%3e.live.dynatrace.com', port=443): Max retries exceeded with url: /api/v2/problems?relativeTime=-5m&pageSize=500 (Caused by NewConnectionError('<urllib3.connection.HTTPSConnection object at 0x7f27440afdc0>: Failed to establish a new connection: [Errno -2] Name or service not known'))
2022-10-18 11:16:01,606 pkg.api ERROR : HTTPSConnectionPool(host='%3cyour_tenant%3e.live.dynatrace.com', port=443): Max retries exceeded with url: /api/v2/problems?relativeTime=-5m&pageSize=500 (Caused by NewConnectionError('<urllib3.connection.HTTPSConnection object at 0x7f8041d07dc0>: Failed to establish a new connection: [Errno -2] Name or service not known'))
2022-10-18 11:17:01,857 pkg.api ERROR : HTTPSConnectionPool(host='%3cyour_tenant%3e.live.dynatrace.com', port=443): Max retries exceeded with url: /api/v2/problems?relativeTime=-5m&pageSize=500 (Caused by NewConnectionError('<urllib3.connection.HTTPSConnection object at 0x7f70d2877dc0>: Failed to establish a new connection: [Errno -2] Name or service not known'))
2022-10-18 11:18:02,043 pkg.api ERROR : HTTPSConnectionPool(host='%3cyour_tenant%3e.live.dynatrace.com', port=443): Max retries exceeded with url: /api/v2/problems?relativeTime=-5m&pageSize=500 (Caused by NewConnectionError('<urllib3.connection.HTTPSConnection object at 0x7fe171e9bdc0>: Failed to establish a new connection: [Errno -2] Name or service not known'))
2022-10-18 11:19:01,271 pkg.api ERROR : HTTPSConnectionPool(host='%3cyour_tenant%3e.live.dynatrace.com', port=443): Max retries exceeded with url: /api/v2/problems?relativeTime=-5m&pageSize=500 (Caused by NewConnectionError('<urllib3.connection.HTTPSConnection object at 0x7efcdd653dc0>: Failed to establish a new connection: [Errno -2] Name or service not known'))
2022-10-18 11:20:01,451 pkg.api ERROR : HTTPSConnectionPool(host='%3cyour_tenant%3e.live.dynatrace.com', port=443): Max retries exceeded with url: /api/v2/problems?relativeTime=-5m&pageSize=500 (Caused by NewConnectionError('<urllib3.connection.HTTPSConnection object at 0x7f4f27fb3dc0>: Failed to establish a new connection: [Errno -2] Name or service not known'))
2022-10-18 11:21:01,682 pkg.api ERROR : HTTPSConnectionPool(host='%3cyour_tenant%3e.live.dynatrace.com', port=443): Max retries exceeded with url: /api/v2/problems?relativeTime=-5m&pageSize=500 (Caused by NewConnectionError('<urllib3.connection.HTTPSConnection object at 0x7f12ce4dfdc0>: Failed to establish a new connection: [Errno -2] Name or service not known'))
2022-10-18 11:22:02,050 pkg.api ERROR : HTTPSConnectionPool(host='%3cyour_tenant%3e.live.dynatrace.com', port=443): Max retries exceeded with url: /api/v2/problems?relativeTime=-5m&pageSize=500 (Caused by NewConnectionError('<urllib3.connection.HTTPSConnection object at 0x7f2a04557dc0>: Failed to establish a new connection: [Errno -2] Name or service not known'))
2022-10-18 14:28:02,738 pkg.api ERROR : HTTPSConnectionPool(host='%3cyour_tenant%3e.live.dynatrace.com', port=443): Max retries exceeded with url: /api/v2/problems?relativeTime=-5m&pageSize=500 (Caused by NewConnectionError('<urllib3.connection.HTTPSConnection object at 0x7ff2996a3dc0>: Failed to establish a new connection: [Errno -2] Name or service not known'))
2022-10-18 14:29:01,947 pkg.api ERROR : HTTPSConnectionPool(host='%3cyour_tenant%3e.live.dynatrace.com', port=443): Max retries exceeded with url: /api/v2/problems?relativeTime=-5m&pageSize=500 (Caused by NewConnectionError('<urllib3.connection.HTTPSConnection object at 0x7f7e81727dc0>: Failed to establish a new connection: [Errno -2] Name or service not known'))
2022-10-18 14:30:02,164 pkg.api ERROR : HTTPSConnectionPool(host='%3cyour_tenant%3e.live.dynatrace.com', port=443): Max retries exceeded with url: /api/v2/problems?relativeTime=-5m&pageSize=500 (Caused by NewConnectionError('<urllib3.connection.HTTPSConnection object at 0x7f994751bdc0>: Failed to establish a new connection: [Errno -2] Name or service not known'))
2022-10-18 14:31:01,418 pkg.api ERROR : HTTPSConnectionPool(host='%3cyour_tenant%3e.live.dynatrace.com', port=443): Max retries exceeded with url: /api/v2/problems?relativeTime=-5m&pageSize=500 (Caused by NewConnectionError('<urllib3.connection.HTTPSConnection object at 0x7fe22b9bfdc0>: Failed to establish a new connection: [Errno -2] Name or service not known'))
2022-10-18 14:32:01,638 pkg.api ERROR : HTTPSConnectionPool(host='%3cyour_tenant%3e.live.dynatrace.com', port=443): Max retries exceeded with url: /api/v2/problems?relativeTime=-5m&pageSize=500 (Caused by NewConnectionError('<urllib3.connection.HTTPSConnection object at 0x7f41af60bdc0>: Failed to establish a new connection: [Errno -2] Name or service not known'))
2022-10-18 14:33:01,875 pkg.api ERROR : HTTPSConnectionPool(host='%3cyour_tenant%3e.live.dynatrace.com', port=443): Max retries exceeded with url: /api/v2/problems?relativeTime=-5m&pageSize=500 (Caused by NewConnectionError('<urllib3.connection.HTTPSConnection object at 0x7f90d3c33dc0>: Failed to establish a new connection: [Errno -2] Name or service not known'))
2022-10-18 14:34:02,074 pkg.api ERROR : HTTPSConnectionPool(host='%3cyour_tenant%3e.live.dynatrace.com', port=443): Max retries exceeded with url: /api/v2/problems?relativeTime=-5m&pageSize=500 (Caused by NewConnectionError('<urllib3.connection.HTTPSConnection object at 0x7f98b4a6fdc0>: Failed to establish a new connection: [Errno -2] Name or service not known'))
2022-10-18 14:35:01,257 pkg.api ERROR : HTTPSConnectionPool(host='%3cyour_tenant%3e.live.dynatrace.com', port=443): Max retries exceeded with url: /api/v2/problems?relativeTime=-5m&pageSize=500 (Caused by NewConnectionError('<urllib3.connection.HTTPSConnection object at 0x7f3b954e3dc0>: Failed to establish a new connection: [Errno -2] Name or service not known'))
2022-10-18 14:36:01,774 pkg.api ERROR : HTTPSConnectionPool(host='%3cyour_tenant%3e.live.dynatrace.com', port=443): Max retries exceeded with url: /api/v2/problems?relativeTime=-5m&pageSize=500 (Caused by NewConnectionError('<urllib3.connection.HTTPSConnection object at 0x7f007c593dc0>: Failed to establish a new connection: [Errno -2] Name or service not known'))
2022-10-18 14:37:02,043 pkg.api ERROR : HTTPSConnectionPool(host='%3cyour_tenant%3e.live.dynatrace.com', port=443): Max retries exceeded with url: /api/v2/problems?relativeTime=-5m&pageSize=500 (Caused by NewConnectionError('<urllib3.connection.HTTPSConnection object at 0x7f8e700cfdc0>: Failed to establish a new connection: [Errno -2] Name or service not known'))
2022-10-18 14:38:01,709 pkg.api ERROR : HTTPSConnectionPool(host='%3cyour_tenant%3e.live.dynatrace.com', port=443): Max retries exceeded with url: /api/v2/problems?relativeTime=-5m&pageSize=500 (Caused by NewConnectionError('<urllib3.connection.HTTPSConnection object at 0x7fd2ffd43dc0>: Failed to establish a new connection: [Errno -2] Name or service not known'))
2022-10-18 14:39:01,997 pkg.api ERROR : HTTPSConnectionPool(host='%3cyour_tenant%3e.live.dynatrace.com', port=443): Max retries exceeded with url: /api/v2/problems?relativeTime=-5m&pageSize=500 (Caused by NewConnectionError('<urllib3.connection.HTTPSConnection object at 0x7f07f4c7bdc0>: Failed to establish a new connection: [Errno -2] Name or service not known'))
2022-10-18 14:40:01,192 pkg.api ERROR : HTTPSConnectionPool(host='%3cyour_tenant%3e.live.dynatrace.com', port=443): Max retries exceeded with url: /api/v2/problems?relativeTime=-5m&pageSize=500 (Caused by NewConnectionError('<urllib3.connection.HTTPSConnection object at 0x7fcb12557dc0>: Failed to establish a new connection: [Errno -2] Name or service not known'))
2022-10-18 14:41:01,367 pkg.api ERROR : HTTPSConnectionPool(host='%3cyour_tenant%3e.live.dynatrace.com', port=443): Max retries exceeded with url: /api/v2/problems?relativeTime=-5m&pageSize=500 (Caused by NewConnectionError('<urllib3.connection.HTTPSConnection object at 0x7fa182357dc0>: Failed to establish a new connection: [Errno -2] Name or service not known'))
2022-10-18 14:42:01,558 pkg.api ERROR : HTTPSConnectionPool(host='%3cyour_tenant%3e.live.dynatrace.com', port=443): Max retries exceeded with url: /api/v2/problems?relativeTime=-5m&pageSize=500 (Caused by NewConnectionError('<urllib3.connection.HTTPSConnection object at 0x7fe43cf7bdc0>: Failed to establish a new connection: [Errno -2] Name or service not known'))
2022-10-18 14:43:01,727 pkg.api ERROR : HTTPSConnectionPool(host='%3cyour_tenant%3e.live.dynatrace.com', port=443): Max retries exceeded with url: /api/v2/problems?relativeTime=-5m&pageSize=500 (Caused by NewConnectionError('<urllib3.connection.HTTPSConnection object at 0x7f177f8d7dc0>: Failed to establish a new connection: [Errno -2] Name or service not known'))
2022-10-18 14:44:01,908 pkg.api ERROR : HTTPSConnectionPool(host='%3cyour_tenant%3e.live.dynatrace.com', port=443): Max retries exceeded with url: /api/v2/problems?relativeTime=-5m&pageSize=500 (Caused by NewConnectionError('<urllib3.connection.HTTPSConnection object at 0x7f9015893dc0>: Failed to establish a new connection: [Errno -2] Name or service not known'))
2022-10-18 14:45:02,101 pkg.api ERROR : HTTPSConnectionPool(host='%3cyour_tenant%3e.live.dynatrace.com', port=443): Max retries exceeded with url: /api/v2/problems?relativeTime=-5m&pageSize=500 (Caused by NewConnectionError('<urllib3.connection.HTTPSConnection object at 0x7f162b88bdc0>: Failed to establish a new connection: [Errno -2] Name or service not known'))
2022-10-18 14:46:01,273 pkg.api ERROR : HTTPSConnectionPool(host='%3cyour_tenant%3e.live.dynatrace.com', port=443): Max retries exceeded with url: /api/v2/problems?relativeTime=-5m&pageSize=500 (Caused by NewConnectionError('<urllib3.connection.HTTPSConnection object at 0x7faf1511fdc0>: Failed to establish a new connection: [Errno -2] Name or service not known'))
